{"/home/rafaelpalma/Documents/mobile-disfrutaparaguay/src/utils/firstLetterUppercase/index.ts": {"path":"/home/rafaelpalma/Documents/mobile-disfrutaparaguay/src/utils/firstLetterUppercase/index.ts","statementMap":{"0":{"start":{"line":3,"column":2},"end":{"line":3,"column":24}},"1":{"start":{"line":3,"column":13},"end":{"line":3,"column":24}},"2":{"start":{"line":6,"column":2},"end":{"line":6,"column":67}}},"fnMap":{"0":{"name":"firstLetterUppercase","decl":{"start":{"line":1,"column":16},"end":{"line":1,"column":36}},"loc":{"start":{"line":1,"column":58},"end":{"line":7,"column":1}},"line":1}},"branchMap":{"0":{"loc":{"start":{"line":3,"column":2},"end":{"line":3,"column":24}},"type":"if","locations":[{"start":{"line":3,"column":2},"end":{"line":3,"column":24}},{"start":{},"end":{}}],"line":3}},"s":{"0":3,"1":2,"2":1},"f":{"0":3},"b":{"0":[2,1]},"_coverageSchema":"1a1c01bbd47fc00a2c39e90264f33305004495a9","hash":"a8e923b3b634cb122262304fc9e8c221dbfa5608"}
,"/home/rafaelpalma/Documents/mobile-disfrutaparaguay/src/utils/getDay/index.ts": {"path":"/home/rafaelpalma/Documents/mobile-disfrutaparaguay/src/utils/getDay/index.ts","statementMap":{"0":{"start":{"line":4,"column":14},"end":{"line":4,"column":42}},"1":{"start":{"line":6,"column":2},"end":{"line":6,"column":12}}},"fnMap":{"0":{"name":"getDay","decl":{"start":{"line":3,"column":16},"end":{"line":3,"column":22}},"loc":{"start":{"line":3,"column":37},"end":{"line":7,"column":1}},"line":3}},"branchMap":{},"s":{"0":1,"1":1},"f":{"0":1},"b":{},"_coverageSchema":"1a1c01bbd47fc00a2c39e90264f33305004495a9","hash":"da00027176a9a6e649ac54226899ec58f61acf29"}
,"/home/rafaelpalma/Documents/mobile-disfrutaparaguay/src/utils/getDayOfWeek/index.ts": {"path":"/home/rafaelpalma/Documents/mobile-disfrutaparaguay/src/utils/getDayOfWeek/index.ts","statementMap":{"0":{"start":{"line":5,"column":20},"end":{"line":5,"column":68}},"1":{"start":{"line":7,"column":2},"end":{"line":7,"column":18}}},"fnMap":{"0":{"name":"getDayOfWeek","decl":{"start":{"line":4,"column":16},"end":{"line":4,"column":28}},"loc":{"start":{"line":4,"column":43},"end":{"line":8,"column":1}},"line":4}},"branchMap":{},"s":{"0":1,"1":1},"f":{"0":1},"b":{},"_coverageSchema":"1a1c01bbd47fc00a2c39e90264f33305004495a9","hash":"d22f9f3eea6d4b30f2fbaadccc4f47ad4e298de7"}
,"/home/rafaelpalma/Documents/mobile-disfrutaparaguay/src/utils/getHour/index.ts": {"path":"/home/rafaelpalma/Documents/mobile-disfrutaparaguay/src/utils/getHour/index.ts","statementMap":{"0":{"start":{"line":5,"column":34},"end":{"line":7,"column":4}},"1":{"start":{"line":9,"column":2},"end":{"line":9,"column":32}}},"fnMap":{"0":{"name":"getHourAndMinutes","decl":{"start":{"line":4,"column":16},"end":{"line":4,"column":33}},"loc":{"start":{"line":4,"column":48},"end":{"line":10,"column":1}},"line":4}},"branchMap":{},"s":{"0":1,"1":1},"f":{"0":1},"b":{},"_coverageSchema":"1a1c01bbd47fc00a2c39e90264f33305004495a9","hash":"72918981ba6fdcc13affc418b721f1951363d632"}
,"/home/rafaelpalma/Documents/mobile-disfrutaparaguay/src/utils/getMonth/index.ts": {"path":"/home/rafaelpalma/Documents/mobile-disfrutaparaguay/src/utils/getMonth/index.ts","statementMap":{"0":{"start":{"line":5,"column":16},"end":{"line":5,"column":63}},"1":{"start":{"line":7,"column":2},"end":{"line":7,"column":14}}},"fnMap":{"0":{"name":"getMonth","decl":{"start":{"line":4,"column":16},"end":{"line":4,"column":24}},"loc":{"start":{"line":4,"column":39},"end":{"line":8,"column":1}},"line":4}},"branchMap":{},"s":{"0":1,"1":0},"f":{"0":1},"b":{},"_coverageSchema":"1a1c01bbd47fc00a2c39e90264f33305004495a9","hash":"06eae3602f7e50bb4afcb8eb2fe788e2ce18cc87"}
,"/home/rafaelpalma/Documents/mobile-disfrutaparaguay/src/utils/getTwoDigitsYear/index.ts": {"path":"/home/rafaelpalma/Documents/mobile-disfrutaparaguay/src/utils/getTwoDigitsYear/index.ts","statementMap":{"0":{"start":{"line":2,"column":16},"end":{"line":2,"column":65}},"1":{"start":{"line":4,"column":2},"end":{"line":4,"column":14}}},"fnMap":{"0":{"name":"getTwoDigitsYear","decl":{"start":{"line":1,"column":16},"end":{"line":1,"column":32}},"loc":{"start":{"line":1,"column":47},"end":{"line":5,"column":1}},"line":1}},"branchMap":{},"s":{"0":1,"1":1},"f":{"0":1},"b":{},"_coverageSchema":"1a1c01bbd47fc00a2c39e90264f33305004495a9","hash":"f925e8c149ae9b2ed4f7594adc98c43694c4e9a7"}
,"/home/rafaelpalma/Documents/mobile-disfrutaparaguay/src/utils/limitLetters/index.ts": {"path":"/home/rafaelpalma/Documents/mobile-disfrutaparaguay/src/utils/limitLetters/index.ts","statementMap":{"0":{"start":{"line":2,"column":2},"end":{"line":6,"column":3}},"1":{"start":{"line":3,"column":4},"end":{"line":3,"column":15}},"2":{"start":{"line":5,"column":4},"end":{"line":5,"column":39}}},"fnMap":{"0":{"name":"limitLetters","decl":{"start":{"line":1,"column":16},"end":{"line":1,"column":28}},"loc":{"start":{"line":1,"column":58},"end":{"line":7,"column":1}},"line":1}},"branchMap":{"0":{"loc":{"start":{"line":2,"column":2},"end":{"line":6,"column":3}},"type":"if","locations":[{"start":{"line":2,"column":2},"end":{"line":6,"column":3}},{"start":{"line":4,"column":9},"end":{"line":6,"column":3}}],"line":2}},"s":{"0":1,"1":0,"2":1},"f":{"0":1},"b":{"0":[0,1]},"_coverageSchema":"1a1c01bbd47fc00a2c39e90264f33305004495a9","hash":"16ffb76d0d38217103a5472b600eb008963e2aae"}
}
