TN:
SF:src/utils/firstLetterUppercase/index.ts
FN:1,firstLetterUppercase
FNF:1
FNH:1
FNDA:3,firstLetterUppercase
DA:3,3
DA:6,1
LF:2
LH:2
BRDA:3,0,0,2
BRDA:3,0,1,1
BRF:2
BRH:2
end_of_record
TN:
SF:src/utils/getDay/index.ts
FN:3,getDay
FNF:1
FNH:1
FNDA:1,getDay
DA:4,1
DA:6,1
LF:2
LH:2
BRF:0
BRH:0
end_of_record
TN:
SF:src/utils/getDayOfWeek/index.ts
FN:4,getDayOfWeek
FNF:1
FNH:1
FNDA:1,getDayOfWeek
DA:5,1
DA:7,1
LF:2
LH:2
BRF:0
BRH:0
end_of_record
TN:
SF:src/utils/getHour/index.ts
FN:4,getHourAndMinutes
FNF:1
FNH:1
FNDA:1,getHourAndMinutes
DA:5,1
DA:9,1
LF:2
LH:2
BRF:0
BRH:0
end_of_record
TN:
SF:src/utils/getMonth/index.ts
FN:4,getMonth
FNF:1
FNH:1
FNDA:1,getMonth
DA:5,1
DA:7,0
LF:2
LH:1
BRF:0
BRH:0
end_of_record
TN:
SF:src/utils/getTwoDigitsYear/index.ts
FN:1,getTwoDigitsYear
FNF:1
FNH:1
FNDA:1,getTwoDigitsYear
DA:2,1
DA:4,1
LF:2
LH:2
BRF:0
BRH:0
end_of_record
TN:
SF:src/utils/limitLetters/index.ts
FN:1,limitLetters
FNF:1
FNH:1
FNDA:1,limitLetters
DA:2,1
DA:3,0
DA:5,1
LF:3
LH:2
BRDA:2,0,0,0
BRDA:2,0,1,1
BRF:2
BRH:1
end_of_record
